
============================================================
Image Extraction Pipeline
============================================================
Properties: 1
Sources: Phoenix MLS Search
Output directory: data\property_images
Mode: Full extraction
Resume: No (fresh start)
Browser isolation: virtual
============================================================


============================================================
Summary
============================================================
Properties: 1 processed, 0 failed
Images: 0 total, 0 unique, 0 duplicates

By source:
  phoenix_mls_search: 0 images, 0 duplicates, 0 failed

Duration: 0m 14s
Success rate: 100.0%
============================================================
successfully removed temp profile C:\Users\Andrew\AppData\Local\Temp\uc_76g68q2a
