20:44:15 [INFO] Loading properties from data\phx_homes.csv
20:44:15 [INFO] Loaded 1 properties
20:44:15 [INFO] Loaded 72 hashes from index
20:44:15 [INFO] Loaded manifest with 38 properties
20:44:15 [INFO] Loaded state: 0 completed, 0 failed
20:44:15 [INFO] Fresh start requested, clearing previous state
20:44:15 [INFO] Cleared extraction state
20:44:15 [INFO] Starting extraction for 1 properties across 2 sources
20:44:15 [INFO] Processing property: 14353 N 76th Dr, Peoria, AZ 85381
20:44:15 [INFO] BrowserPool configured: headless=False, viewport=1280x720, proxy=enabled (auth=yes)
20:44:15 [INFO] Zillow initialized with stealth config: headless=False, proxy=enabled
20:44:15 [INFO] Zillow initialized for stealth extraction
20:44:15 [INFO] Enabled extractor: Zillow
20:44:15 [INFO] BrowserPool configured: headless=False, viewport=1280x720, proxy=enabled (auth=yes)
20:44:15 [INFO] Redfin initialized with stealth config: headless=False, proxy=enabled
20:44:15 [INFO] RedfinExtractor initialized with stealth configuration
20:44:15 [INFO] Enabled extractor: Redfin
20:44:15 [INFO] Zillow extracting images for: 14353 N 76th Dr, Peoria, AZ 85381
20:44:15 [INFO] Zillow navigating to: https://www.zillow.com/homes/14353-N-76th-Dr-Peoria-AZ-85381_rb/
20:44:18 [INFO] Initializing new browser instance with stealth configuration
20:44:18 [INFO] Creating proxy authentication extension for: p.webshare.io:80
20:44:18 [INFO] Parsed proxy URL: p.webshare.io:80 (scheme: http)
20:44:18 [INFO] ProxyExtensionBuilder initialized: p.webshare.io:80 (user: svcvoqpm-US-rotate)
20:44:18 [INFO] Created temporary extension directory: C:\Users\Andrew\AppData\Local\Temp\proxy_ext_dxpo3n8t
20:44:18 [INFO] Proxy extension created successfully at: C:\Users\Andrew\AppData\Local\Temp\proxy_ext_dxpo3n8t (proxy: p.webshare.io:80)
20:44:18 [INFO] Proxy extension loaded from: C:\Users\Andrew\AppData\Local\Temp\proxy_ext_dxpo3n8t
20:44:18 [INFO] starting
	executable :C:\Program Files\Google\Chrome\Application\chrome.exe

arguments:
--remote-allow-origins=*
	--no-first-run
	--no-service-autorun
	--no-default-browser-check
	--homepage=about:blank
	--no-pings
	--password-store=basic
	--disable-infobars
	--disable-breakpad
	--disable-dev-shm-usage
	--disable-session-crashed-bubble
	--disable-search-engine-choice-screen
	--user-data-dir=C:\Users\Andrew\AppData\Local\Temp\uc_34eri1d2
	--disable-session-crashed-bubble
	--disable-features=IsolateOrigins,site-per-process
	--disable-blink-features=AutomationControlled
	--window-size=1280,720
	--load-extension=C:\Users\Andrew\AppData\Local\Temp\proxy_ext_dxpo3n8t
	--disable-extensions-except=C:\Users\Andrew\AppData\Local\Temp\proxy_ext_dxpo3n8t
	--remote-debugging-host=127.0.0.1
	--remote-debugging-port=62115
20:44:18 [INFO] enabling autodiscover targets
20:44:18 [INFO] Browser initialized successfully (headless=False)
20:44:20 [INFO] Zillow navigation complete
20:44:23 [INFO] Zillow extracting image URLs from page
20:44:25 [INFO] Zillow filtered to 15 high-quality URLs from 31 total
20:44:25 [INFO] Zillow extracted 15 image URLs for 14353 N 76th Dr, Peoria, AZ 85381
20:44:25 [INFO] Zillow: found 15 images
20:44:44 [INFO] Zillow closing resources
20:44:44 [INFO] Closing browser instance
20:44:44 [ERROR] Error closing browser: object NoneType can't be used in 'await' expression
20:44:44 [INFO] Cleaning up proxy extension
20:44:44 [INFO] Cleaning up extension directory: C:\Users\Andrew\AppData\Local\Temp\proxy_ext_dxpo3n8t
20:44:44 [INFO] Zillow resources closed
20:44:44 [INFO] Redfin extracting images for: 14353 N 76th Dr, Peoria, AZ 85381
20:44:44 [INFO] Redfin: warming up with homepage visit
20:44:47 [INFO] Initializing new browser instance with stealth configuration
20:44:47 [INFO] Creating proxy authentication extension for: p.webshare.io:80
20:44:47 [INFO] Parsed proxy URL: p.webshare.io:80 (scheme: http)
20:44:47 [INFO] ProxyExtensionBuilder initialized: p.webshare.io:80 (user: svcvoqpm-US-rotate)
20:44:47 [INFO] Created temporary extension directory: C:\Users\Andrew\AppData\Local\Temp\proxy_ext_qs5r01wm
20:44:47 [INFO] Proxy extension created successfully at: C:\Users\Andrew\AppData\Local\Temp\proxy_ext_qs5r01wm (proxy: p.webshare.io:80)
20:44:47 [INFO] Proxy extension loaded from: C:\Users\Andrew\AppData\Local\Temp\proxy_ext_qs5r01wm
20:44:47 [INFO] starting
	executable :C:\Program Files\Google\Chrome\Application\chrome.exe

arguments:
--remote-allow-origins=*
	--no-first-run
	--no-service-autorun
	--no-default-browser-check
	--homepage=about:blank
	--no-pings
	--password-store=basic
	--disable-infobars
	--disable-breakpad
	--disable-dev-shm-usage
	--disable-session-crashed-bubble
	--disable-search-engine-choice-screen
	--user-data-dir=C:\Users\Andrew\AppData\Local\Temp\uc_qivf0qtb
	--disable-session-crashed-bubble
	--disable-features=IsolateOrigins,site-per-process
	--disable-blink-features=AutomationControlled
	--window-size=1280,720
	--load-extension=C:\Users\Andrew\AppData\Local\Temp\proxy_ext_qs5r01wm
	--disable-extensions-except=C:\Users\Andrew\AppData\Local\Temp\proxy_ext_qs5r01wm
	--remote-debugging-host=127.0.0.1
	--remote-debugging-port=59160
20:44:47 [INFO] enabling autodiscover targets
20:44:47 [INFO] Browser initialized successfully (headless=False)
20:44:51 [INFO] Redfin: homepage loaded
20:44:51 [INFO] Redfin: Starting interactive search for: 14353 N 76th Dr, Peoria, AZ 85381
20:44:51 [INFO] Redfin: Found search input with selector: input[name="searchInputBox"]
20:44:51 [INFO] Redfin: Clicked search input
20:44:51 [INFO] Redfin: Typed address: 14353 N 76th Dr, Peoria, AZ 85381
20:44:54 [INFO] Redfin: Waiting for autocomplete results...
20:44:59 [WARNING] Redfin: Could not find autocomplete results, trying Enter key
20:44:59 [INFO] Redfin: Pressed Enter key
20:45:03 [INFO] Redfin: Property page should be loaded
20:45:03 [INFO] Redfin: Final URL: https://www.redfin.com/
20:45:03 [WARNING] Redfin: Navigation may have failed - URL doesn't contain /home/: https://www.redfin.com/
20:45:06 [INFO] Extracting image URLs from Redfin page
20:45:09 [INFO] Page title: Redfin | Real Estate &amp; Homes for Sale, Rentals, Mortgages &amp; Agents
20:45:09 [INFO] Extracted 3 unique high-resolution URLs from Redfin
20:45:09 [INFO] Redfin extracted 3 image URLs for 14353 N 76th Dr, Peoria, AZ 85381
20:45:09 [INFO] Redfin: found 3 images
20:45:10 [ERROR] Unexpected error processing https://ssl.cdn-redfin.com/photo/68/bcsphoto/471/genBcs.12523471_1024.jpg: Failed to download https://ssl.cdn-redfin.com/photo/68/bcsphoto/471/genBcs.12523471_1024.jpg: Image not found (404)
Traceback (most recent call last):
  File "C:\Users\Andrew\.vscode\PHX-houses-Dec-2025\src\phx_home_analysis\services\image_extraction\orchestrator.py", line 496, in extract_for_property
    image_data, content_type = await extractor.download_image(url)
                               ^^^^^^^^^^^^^^^^^^^^^^^^^^^^^^^^^^^
  File "C:\Users\Andrew\.vscode\PHX-houses-Dec-2025\src\phx_home_analysis\services\image_extraction\extractors\stealth_base.py", line 105, in download_image
    return await self._stealth_client.download_image(url=url)
           ^^^^^^^^^^^^^^^^^^^^^^^^^^^^^^^^^^^^^^^^^^^^^^^^^^
  File "C:\Users\Andrew\.vscode\PHX-houses-Dec-2025\src\phx_home_analysis\services\infrastructure\stealth_http_client.py", line 132, in download_image
    raise StealthDownloadError(
phx_home_analysis.services.infrastructure.stealth_http_client.StealthDownloadError: Failed to download https://ssl.cdn-redfin.com/photo/68/bcsphoto/471/genBcs.12523471_1024.jpg: Image not found (404)
20:45:10 [ERROR] Unexpected error processing https://ssl.cdn-redfin.com/photo/68/bcsphoto/471/genBcs.12523471_14_1024.jpg: Failed to download https://ssl.cdn-redfin.com/photo/68/bcsphoto/471/genBcs.12523471_14_1024.jpg: Image not found (404)
Traceback (most recent call last):
  File "C:\Users\Andrew\.vscode\PHX-houses-Dec-2025\src\phx_home_analysis\services\image_extraction\orchestrator.py", line 496, in extract_for_property
    image_data, content_type = await extractor.download_image(url)
                               ^^^^^^^^^^^^^^^^^^^^^^^^^^^^^^^^^^^
  File "C:\Users\Andrew\.vscode\PHX-houses-Dec-2025\src\phx_home_analysis\services\image_extraction\extractors\stealth_base.py", line 105, in download_image
    return await self._stealth_client.download_image(url=url)
           ^^^^^^^^^^^^^^^^^^^^^^^^^^^^^^^^^^^^^^^^^^^^^^^^^^
  File "C:\Users\Andrew\.vscode\PHX-houses-Dec-2025\src\phx_home_analysis\services\infrastructure\stealth_http_client.py", line 132, in download_image
    raise StealthDownloadError(
phx_home_analysis.services.infrastructure.stealth_http_client.StealthDownloadError: Failed to download https://ssl.cdn-redfin.com/photo/68/bcsphoto/471/genBcs.12523471_14_1024.jpg: Image not found (404)
20:45:10 [ERROR] Unexpected error processing https://ssl.cdn-redfin.com/photo/68/bcsphoto/471/genBcs.12523471_1_1024.jpg: Failed to download https://ssl.cdn-redfin.com/photo/68/bcsphoto/471/genBcs.12523471_1_1024.jpg: Image not found (404)
Traceback (most recent call last):
  File "C:\Users\Andrew\.vscode\PHX-houses-Dec-2025\src\phx_home_analysis\services\image_extraction\orchestrator.py", line 496, in extract_for_property
    image_data, content_type = await extractor.download_image(url)
                               ^^^^^^^^^^^^^^^^^^^^^^^^^^^^^^^^^^^
  File "C:\Users\Andrew\.vscode\PHX-houses-Dec-2025\src\phx_home_analysis\services\image_extraction\extractors\stealth_base.py", line 105, in download_image
    return await self._stealth_client.download_image(url=url)
           ^^^^^^^^^^^^^^^^^^^^^^^^^^^^^^^^^^^^^^^^^^^^^^^^^^
  File "C:\Users\Andrew\.vscode\PHX-houses-Dec-2025\src\phx_home_analysis\services\infrastructure\stealth_http_client.py", line 132, in download_image
    raise StealthDownloadError(
phx_home_analysis.services.infrastructure.stealth_http_client.StealthDownloadError: Failed to download https://ssl.cdn-redfin.com/photo/68/bcsphoto/471/genBcs.12523471_1_1024.jpg: Image not found (404)
20:45:10 [INFO] Redfin closing resources
20:45:10 [INFO] Closing browser instance
20:45:10 [ERROR] Error closing browser: object NoneType can't be used in 'await' expression
20:45:10 [INFO] Cleaning up proxy extension
20:45:10 [INFO] Cleaning up extension directory: C:\Users\Andrew\AppData\Local\Temp\proxy_ext_qs5r01wm
20:45:10 [INFO] Redfin resources closed
20:45:10 [INFO] Property complete: 12 unique images extracted
20:45:10 [INFO] Progress: 1/1 properties (1 ok, 0 failed)
20:45:10 [INFO] Extraction complete: 1/1 succeeded, 12 unique images, 3 duplicates

============================================================
Image Extraction Pipeline
============================================================
Properties: 1
Sources: Zillow, Redfin
Output directory: data\property_images
Mode: Full extraction
Resume: No (fresh start)
============================================================


============================================================
Summary
============================================================
Properties: 1 processed, 0 failed
Images: 12 total, 12 unique, 3 duplicates
Failed downloads: 3

By source:
  zillow: 12 images, 3 duplicates, 0 failed
  redfin: 0 images, 0 duplicates, 3 failed

Duration: 0m 55s
Success rate: 100.0%
============================================================
successfully removed temp profile C:\Users\Andrew\AppData\Local\Temp\uc_qivf0qtb
successfully removed temp profile C:\Users\Andrew\AppData\Local\Temp\uc_34eri1d2
